{
  "url": "https://api.github.com/repos/linkedin/ambry/pulls/632",
  "id": 121246186,
  "html_url": "https://github.com/linkedin/ambry/pull/632",
  "diff_url": "https://github.com/linkedin/ambry/pull/632.diff",
  "patch_url": "https://github.com/linkedin/ambry/pull/632.patch",
  "issue_url": "https://api.github.com/repos/linkedin/ambry/issues/632",
  "number": 632,
  "state": "open",
  "locked": false,
  "title": "Fix broken url to \"Better Bloom Filter\" paper",
  "user": {
    "login": "andrelaszlo",
    "id": 21381,
    "avatar_url": "https://avatars1.githubusercontent.com/u/21381?v=3",
    "gravatar_id": "",
    "url": "https://api.github.com/users/andrelaszlo",
    "html_url": "https://github.com/andrelaszlo",
    "followers_url": "https://api.github.com/users/andrelaszlo/followers",
    "following_url": "https://api.github.com/users/andrelaszlo/following{/other_user}",
    "gists_url": "https://api.github.com/users/andrelaszlo/gists{/gist_id}",
    "starred_url": "https://api.github.com/users/andrelaszlo/starred{/owner}{/repo}",
    "subscriptions_url": "https://api.github.com/users/andrelaszlo/subscriptions",
    "organizations_url": "https://api.github.com/users/andrelaszlo/orgs",
    "repos_url": "https://api.github.com/users/andrelaszlo/repos",
    "events_url": "https://api.github.com/users/andrelaszlo/events{/privacy}",
    "received_events_url": "https://api.github.com/users/andrelaszlo/received_events",
    "type": "User",
    "site_admin": false
  },
  "body": "I noticed that this link was broken so I replaced it with a link to a copy provided by the other author",
  "created_at": "2017-05-18T10:06:58Z",
  "updated_at": "2017-05-18T10:06:58Z",
  "closed_at": null,
  "merged_at": null,
  "merge_commit_sha": null,
  "assignee": null,
  "assignees": [

  ],
  "requested_reviewers": [

  ],
  "milestone": null,
  "commits_url": "https://api.github.com/repos/linkedin/ambry/pulls/632/commits",
  "review_comments_url": "https://api.github.com/repos/linkedin/ambry/pulls/632/comments",
  "review_comment_url": "https://api.github.com/repos/linkedin/ambry/pulls/comments{/number}",
  "comments_url": "https://api.github.com/repos/linkedin/ambry/issues/632/comments",
  "statuses_url": "https://api.github.com/repos/linkedin/ambry/statuses/987d9683e1c28229c7bcb3b0bb947e32cd30e70f",
  "head": {
    "label": "andrelaszlo:master",
    "ref": "master",
    "sha": "987d9683e1c28229c7bcb3b0bb947e32cd30e70f",
    "user": {
      "login": "andrelaszlo",
      "id": 21381,
      "avatar_url": "https://avatars1.githubusercontent.com/u/21381?v=3",
      "gravatar_id": "",
      "url": "https://api.github.com/users/andrelaszlo",
      "html_url": "https://github.com/andrelaszlo",
      "followers_url": "https://api.github.com/users/andrelaszlo/followers",
      "following_url": "https://api.github.com/users/andrelaszlo/following{/other_user}",
      "gists_url": "https://api.github.com/users/andrelaszlo/gists{/gist_id}",
      "starred_url": "https://api.github.com/users/andrelaszlo/starred{/owner}{/repo}",
      "subscriptions_url": "https://api.github.com/users/andrelaszlo/subscriptions",
      "organizations_url": "https://api.github.com/users/andrelaszlo/orgs",
      "repos_url": "https://api.github.com/users/andrelaszlo/repos",
      "events_url": "https://api.github.com/users/andrelaszlo/events{/privacy}",
      "received_events_url": "https://api.github.com/users/andrelaszlo/received_events",
      "type": "User",
      "site_admin": false
    },
    "repo": {
      "id": 91678718,
      "name": "ambry",
      "full_name": "andrelaszlo/ambry",
      "owner": {
        "login": "andrelaszlo",
        "id": 21381,
        "avatar_url": "https://avatars1.githubusercontent.com/u/21381?v=3",
        "gravatar_id": "",
        "url": "https://api.github.com/users/andrelaszlo",
        "html_url": "https://github.com/andrelaszlo",
        "followers_url": "https://api.github.com/users/andrelaszlo/followers",
        "following_url": "https://api.github.com/users/andrelaszlo/following{/other_user}",
        "gists_url": "https://api.github.com/users/andrelaszlo/gists{/gist_id}",
        "starred_url": "https://api.github.com/users/andrelaszlo/starred{/owner}{/repo}",
        "subscriptions_url": "https://api.github.com/users/andrelaszlo/subscriptions",
        "organizations_url": "https://api.github.com/users/andrelaszlo/orgs",
        "repos_url": "https://api.github.com/users/andrelaszlo/repos",
        "events_url": "https://api.github.com/users/andrelaszlo/events{/privacy}",
        "received_events_url": "https://api.github.com/users/andrelaszlo/received_events",
        "type": "User",
        "site_admin": false
      },
      "private": false,
      "html_url": "https://github.com/andrelaszlo/ambry",
      "description": "Distributed object store",
      "fork": true,
      "url": "https://api.github.com/repos/andrelaszlo/ambry",
      "forks_url": "https://api.github.com/repos/andrelaszlo/ambry/forks",
      "keys_url": "https://api.github.com/repos/andrelaszlo/ambry/keys{/key_id}",
      "collaborators_url": "https://api.github.com/repos/andrelaszlo/ambry/collaborators{/collaborator}",
      "teams_url": "https://api.github.com/repos/andrelaszlo/ambry/teams",
      "hooks_url": "https://api.github.com/repos/andrelaszlo/ambry/hooks",
      "issue_events_url": "https://api.github.com/repos/andrelaszlo/ambry/issues/events{/number}",
      "events_url": "https://api.github.com/repos/andrelaszlo/ambry/events",
      "assignees_url": "https://api.github.com/repos/andrelaszlo/ambry/assignees{/user}",
      "branches_url": "https://api.github.com/repos/andrelaszlo/ambry/branches{/branch}",
      "tags_url": "https://api.github.com/repos/andrelaszlo/ambry/tags",
      "blobs_url": "https://api.github.com/repos/andrelaszlo/ambry/git/blobs{/sha}",
      "git_tags_url": "https://api.github.com/repos/andrelaszlo/ambry/git/tags{/sha}",
      "git_refs_url": "https://api.github.com/repos/andrelaszlo/ambry/git/refs{/sha}",
      "trees_url": "https://api.github.com/repos/andrelaszlo/ambry/git/trees{/sha}",
      "statuses_url": "https://api.github.com/repos/andrelaszlo/ambry/statuses/{sha}",
      "languages_url": "https://api.github.com/repos/andrelaszlo/ambry/languages",
      "stargazers_url": "https://api.github.com/repos/andrelaszlo/ambry/stargazers",
      "contributors_url": "https://api.github.com/repos/andrelaszlo/ambry/contributors",
      "subscribers_url": "https://api.github.com/repos/andrelaszlo/ambry/subscribers",
      "subscription_url": "https://api.github.com/repos/andrelaszlo/ambry/subscription",
      "commits_url": "https://api.github.com/repos/andrelaszlo/ambry/commits{/sha}",
      "git_commits_url": "https://api.github.com/repos/andrelaszlo/ambry/git/commits{/sha}",
      "comments_url": "https://api.github.com/repos/andrelaszlo/ambry/comments{/number}",
      "issue_comment_url": "https://api.github.com/repos/andrelaszlo/ambry/issues/comments{/number}",
      "contents_url": "https://api.github.com/repos/andrelaszlo/ambry/contents/{+path}",
      "compare_url": "https://api.github.com/repos/andrelaszlo/ambry/compare/{base}...{head}",
      "merges_url": "https://api.github.com/repos/andrelaszlo/ambry/merges",
      "archive_url": "https://api.github.com/repos/andrelaszlo/ambry/{archive_format}{/ref}",
      "downloads_url": "https://api.github.com/repos/andrelaszlo/ambry/downloads",
      "issues_url": "https://api.github.com/repos/andrelaszlo/ambry/issues{/number}",
      "pulls_url": "https://api.github.com/repos/andrelaszlo/ambry/pulls{/number}",
      "milestones_url": "https://api.github.com/repos/andrelaszlo/ambry/milestones{/number}",
      "notifications_url": "https://api.github.com/repos/andrelaszlo/ambry/notifications{?since,all,participating}",
      "labels_url": "https://api.github.com/repos/andrelaszlo/ambry/labels{/name}",
      "releases_url": "https://api.github.com/repos/andrelaszlo/ambry/releases{/id}",
      "deployments_url": "https://api.github.com/repos/andrelaszlo/ambry/deployments",
      "created_at": "2017-05-18T10:06:38Z",
      "updated_at": "2017-05-18T10:06:42Z",
      "pushed_at": "2017-05-18T10:06:57Z",
      "git_url": "git://github.com/andrelaszlo/ambry.git",
      "ssh_url": "git@github.com:andrelaszlo/ambry.git",
      "clone_url": "https://github.com/andrelaszlo/ambry.git",
      "svn_url": "https://github.com/andrelaszlo/ambry",
      "homepage": "https://github.com/linkedin/ambry/wiki",
      "size": 9455,
      "stargazers_count": 0,
      "watchers_count": 0,
      "language": "Java",
      "has_issues": false,
      "has_projects": true,
      "has_downloads": true,
      "has_wiki": true,
      "has_pages": false,
      "forks_count": 0,
      "mirror_url": null,
      "open_issues_count": 0,
      "forks": 0,
      "open_issues": 0,
      "watchers": 0,
      "default_branch": "master"
    }
  },
  "base": {
    "label": "linkedin:master",
    "ref": "master",
    "sha": "d1bd92d0d91e11a5c1d02aab524f9fa145cbf9f3",
    "user": {
      "login": "linkedin",
      "id": 357098,
      "avatar_url": "https://avatars0.githubusercontent.com/u/357098?v=3",
      "gravatar_id": "",
      "url": "https://api.github.com/users/linkedin",
      "html_url": "https://github.com/linkedin",
      "followers_url": "https://api.github.com/users/linkedin/followers",
      "following_url": "https://api.github.com/users/linkedin/following{/other_user}",
      "gists_url": "https://api.github.com/users/linkedin/gists{/gist_id}",
      "starred_url": "https://api.github.com/users/linkedin/starred{/owner}{/repo}",
      "subscriptions_url": "https://api.github.com/users/linkedin/subscriptions",
      "organizations_url": "https://api.github.com/users/linkedin/orgs",
      "repos_url": "https://api.github.com/users/linkedin/repos",
      "events_url": "https://api.github.com/users/linkedin/events{/privacy}",
      "received_events_url": "https://api.github.com/users/linkedin/received_events",
      "type": "Organization",
      "site_admin": false
    },
    "repo": {
      "id": 13870893,
      "name": "ambry",
      "full_name": "linkedin/ambry",
      "owner": {
        "login": "linkedin",
        "id": 357098,
        "avatar_url": "https://avatars0.githubusercontent.com/u/357098?v=3",
        "gravatar_id": "",
        "url": "https://api.github.com/users/linkedin",
        "html_url": "https://github.com/linkedin",
        "followers_url": "https://api.github.com/users/linkedin/followers",
        "following_url": "https://api.github.com/users/linkedin/following{/other_user}",
        "gists_url": "https://api.github.com/users/linkedin/gists{/gist_id}",
        "starred_url": "https://api.github.com/users/linkedin/starred{/owner}{/repo}",
        "subscriptions_url": "https://api.github.com/users/linkedin/subscriptions",
        "organizations_url": "https://api.github.com/users/linkedin/orgs",
        "repos_url": "https://api.github.com/users/linkedin/repos",
        "events_url": "https://api.github.com/users/linkedin/events{/privacy}",
        "received_events_url": "https://api.github.com/users/linkedin/received_events",
        "type": "Organization",
        "site_admin": false
      },
      "private": false,
      "html_url": "https://github.com/linkedin/ambry",
      "description": "Distributed object store",
      "fork": false,
      "url": "https://api.github.com/repos/linkedin/ambry",
      "forks_url": "https://api.github.com/repos/linkedin/ambry/forks",
      "keys_url": "https://api.github.com/repos/linkedin/ambry/keys{/key_id}",
      "collaborators_url": "https://api.github.com/repos/linkedin/ambry/collaborators{/collaborator}",
      "teams_url": "https://api.github.com/repos/linkedin/ambry/teams",
      "hooks_url": "https://api.github.com/repos/linkedin/ambry/hooks",
      "issue_events_url": "https://api.github.com/repos/linkedin/ambry/issues/events{/number}",
      "events_url": "https://api.github.com/repos/linkedin/ambry/events",
      "assignees_url": "https://api.github.com/repos/linkedin/ambry/assignees{/user}",
      "branches_url": "https://api.github.com/repos/linkedin/ambry/branches{/branch}",
      "tags_url": "https://api.github.com/repos/linkedin/ambry/tags",
      "blobs_url": "https://api.github.com/repos/linkedin/ambry/git/blobs{/sha}",
      "git_tags_url": "https://api.github.com/repos/linkedin/ambry/git/tags{/sha}",
      "git_refs_url": "https://api.github.com/repos/linkedin/ambry/git/refs{/sha}",
      "trees_url": "https://api.github.com/repos/linkedin/ambry/git/trees{/sha}",
      "statuses_url": "https://api.github.com/repos/linkedin/ambry/statuses/{sha}",
      "languages_url": "https://api.github.com/repos/linkedin/ambry/languages",
      "stargazers_url": "https://api.github.com/repos/linkedin/ambry/stargazers",
      "contributors_url": "https://api.github.com/repos/linkedin/ambry/contributors",
      "subscribers_url": "https://api.github.com/repos/linkedin/ambry/subscribers",
      "subscription_url": "https://api.github.com/repos/linkedin/ambry/subscription",
      "commits_url": "https://api.github.com/repos/linkedin/ambry/commits{/sha}",
      "git_commits_url": "https://api.github.com/repos/linkedin/ambry/git/commits{/sha}",
      "comments_url": "https://api.github.com/repos/linkedin/ambry/comments{/number}",
      "issue_comment_url": "https://api.github.com/repos/linkedin/ambry/issues/comments{/number}",
      "contents_url": "https://api.github.com/repos/linkedin/ambry/contents/{+path}",
      "compare_url": "https://api.github.com/repos/linkedin/ambry/compare/{base}...{head}",
      "merges_url": "https://api.github.com/repos/linkedin/ambry/merges",
      "archive_url": "https://api.github.com/repos/linkedin/ambry/{archive_format}{/ref}",
      "downloads_url": "https://api.github.com/repos/linkedin/ambry/downloads",
      "issues_url": "https://api.github.com/repos/linkedin/ambry/issues{/number}",
      "pulls_url": "https://api.github.com/repos/linkedin/ambry/pulls{/number}",
      "milestones_url": "https://api.github.com/repos/linkedin/ambry/milestones{/number}",
      "notifications_url": "https://api.github.com/repos/linkedin/ambry/notifications{?since,all,participating}",
      "labels_url": "https://api.github.com/repos/linkedin/ambry/labels{/name}",
      "releases_url": "https://api.github.com/repos/linkedin/ambry/releases{/id}",
      "deployments_url": "https://api.github.com/repos/linkedin/ambry/deployments",
      "created_at": "2013-10-25T20:04:54Z",
      "updated_at": "2017-05-16T09:20:24Z",
      "pushed_at": "2017-05-17T19:11:54Z",
      "git_url": "git://github.com/linkedin/ambry.git",
      "ssh_url": "git@github.com:linkedin/ambry.git",
      "clone_url": "https://github.com/linkedin/ambry.git",
      "svn_url": "https://github.com/linkedin/ambry",
      "homepage": "https://github.com/linkedin/ambry/wiki",
      "size": 9455,
      "stargazers_count": 873,
      "watchers_count": 873,
      "language": "Java",
      "has_issues": true,
      "has_projects": true,
      "has_downloads": true,
      "has_wiki": true,
      "has_pages": false,
      "forks_count": 151,
      "mirror_url": null,
      "open_issues_count": 63,
      "forks": 151,
      "open_issues": 63,
      "watchers": 873,
      "default_branch": "master"
    }
  },
  "_links": {
    "self": {
      "href": "https://api.github.com/repos/linkedin/ambry/pulls/632"
    },
    "html": {
      "href": "https://github.com/linkedin/ambry/pull/632"
    },
    "issue": {
      "href": "https://api.github.com/repos/linkedin/ambry/issues/632"
    },
    "comments": {
      "href": "https://api.github.com/repos/linkedin/ambry/issues/632/comments"
    },
    "review_comments": {
      "href": "https://api.github.com/repos/linkedin/ambry/pulls/632/comments"
    },
    "review_comment": {
      "href": "https://api.github.com/repos/linkedin/ambry/pulls/comments{/number}"
    },
    "commits": {
      "href": "https://api.github.com/repos/linkedin/ambry/pulls/632/commits"
    },
    "statuses": {
      "href": "https://api.github.com/repos/linkedin/ambry/statuses/987d9683e1c28229c7bcb3b0bb947e32cd30e70f"
    }
  },
  "merged": false,
  "mergeable": null,
  "rebaseable": null,
  "mergeable_state": "unknown",
  "merged_by": null,
  "comments": 0,
  "review_comments": 0,
  "maintainer_can_modify": true,
  "commits": 1,
  "additions": 1,
  "deletions": 1,
  "changed_files": 1
}
